{"/Users/icarito_mac/Documents/Programming_projects/validatetrack/backend/src/handlers/deviations.js": {"path":"/Users/icarito_mac/Documents/Programming_projects/validatetrack/backend/src/handlers/deviations.js","statementMap":{"0":{"start":{"line":1,"column":27},"end":{"line":1,"column":62}},"1":{"start":{"line":8,"column":4},"end":{"line":8,"column":36}},"2":{"start":{"line":9,"column":23},"end":{"line":9,"column":38}},"3":{"start":{"line":10,"column":21},"end":{"line":10,"column":49}},"4":{"start":{"line":11,"column":30},"end":{"line":11,"column":60}},"5":{"start":{"line":13,"column":15},"end":{"line":13,"column":37}},"6":{"start":{"line":14,"column":18},"end":{"line":14,"column":53}},"7":{"start":{"line":15,"column":19},"end":{"line":15,"column":47}},"8":{"start":{"line":18,"column":43},"end":{"line":18,"column":48}},"9":{"start":{"line":19,"column":15},"end":{"line":19,"column":50}},"10":{"start":{"line":21,"column":4},"end":{"line":37,"column":5}},"11":{"start":{"line":22,"column":8},"end":{"line":33,"column":9}},"12":{"start":{"line":24,"column":16},"end":{"line":24,"column":62}},"13":{"start":{"line":26,"column":16},"end":{"line":26,"column":68}},"14":{"start":{"line":28,"column":16},"end":{"line":28,"column":72}},"15":{"start":{"line":30,"column":16},"end":{"line":30,"column":40}},"16":{"start":{"line":32,"column":16},"end":{"line":32,"column":86}},"17":{"start":{"line":35,"column":8},"end":{"line":35,"column":46}},"18":{"start":{"line":36,"column":8},"end":{"line":36,"column":67}},"19":{"start":{"line":41,"column":19},"end":{"line":41,"column":83}},"20":{"start":{"line":42,"column":4},"end":{"line":42,"column":45}},"21":{"start":{"line":46,"column":19},"end":{"line":46,"column":95}},"22":{"start":{"line":47,"column":4},"end":{"line":47,"column":79}},"23":{"start":{"line":47,"column":22},"end":{"line":47,"column":79}},"24":{"start":{"line":48,"column":4},"end":{"line":48,"column":38}},"25":{"start":{"line":52,"column":32},"end":{"line":52,"column":55}},"26":{"start":{"line":53,"column":4},"end":{"line":53,"column":81}},"27":{"start":{"line":53,"column":18},"end":{"line":53,"column":81}},"28":{"start":{"line":55,"column":17},"end":{"line":62,"column":5}},"29":{"start":{"line":64,"column":4},"end":{"line":64,"column":80}},"30":{"start":{"line":65,"column":4},"end":{"line":65,"column":31}},"31":{"start":{"line":69,"column":21},"end":{"line":69,"column":97}},"32":{"start":{"line":70,"column":4},"end":{"line":70,"column":81}},"33":{"start":{"line":70,"column":24},"end":{"line":70,"column":81}},"34":{"start":{"line":72,"column":32},"end":{"line":72,"column":55}},"35":{"start":{"line":73,"column":4},"end":{"line":73,"column":81}},"36":{"start":{"line":73,"column":18},"end":{"line":73,"column":81}},"37":{"start":{"line":75,"column":20},"end":{"line":82,"column":5}},"38":{"start":{"line":84,"column":4},"end":{"line":84,"column":83}},"39":{"start":{"line":85,"column":4},"end":{"line":85,"column":34}},"40":{"start":{"line":89,"column":4},"end":{"line":89,"column":84}},"41":{"start":{"line":90,"column":4},"end":{"line":90,"column":29}},"42":{"start":{"line":93,"column":0},"end":{"line":93,"column":69}}},"fnMap":{"0":{"name":"handler","decl":{"start":{"line":17,"column":15},"end":{"line":17,"column":22}},"loc":{"start":{"line":17,"column":30},"end":{"line":38,"column":1}},"line":17},"1":{"name":"getAll","decl":{"start":{"line":40,"column":15},"end":{"line":40,"column":21}},"loc":{"start":{"line":40,"column":24},"end":{"line":43,"column":1}},"line":40},"2":{"name":"getOne","decl":{"start":{"line":45,"column":15},"end":{"line":45,"column":21}},"loc":{"start":{"line":45,"column":26},"end":{"line":49,"column":1}},"line":45},"3":{"name":"create","decl":{"start":{"line":51,"column":15},"end":{"line":51,"column":21}},"loc":{"start":{"line":51,"column":28},"end":{"line":66,"column":1}},"line":51},"4":{"name":"update","decl":{"start":{"line":68,"column":15},"end":{"line":68,"column":21}},"loc":{"start":{"line":68,"column":32},"end":{"line":86,"column":1}},"line":68},"5":{"name":"remove","decl":{"start":{"line":88,"column":15},"end":{"line":88,"column":21}},"loc":{"start":{"line":88,"column":26},"end":{"line":91,"column":1}},"line":88}},"branchMap":{"0":{"loc":{"start":{"line":19,"column":15},"end":{"line":19,"column":50}},"type":"binary-expr","locations":[{"start":{"line":19,"column":15},"end":{"line":19,"column":29}},{"start":{"line":19,"column":33},"end":{"line":19,"column":50}}],"line":19},"1":{"loc":{"start":{"line":22,"column":8},"end":{"line":33,"column":9}},"type":"switch","locations":[{"start":{"line":23,"column":12},"end":{"line":24,"column":62}},{"start":{"line":25,"column":12},"end":{"line":26,"column":68}},{"start":{"line":27,"column":12},"end":{"line":28,"column":72}},{"start":{"line":29,"column":12},"end":{"line":30,"column":40}},{"start":{"line":31,"column":12},"end":{"line":32,"column":86}}],"line":22},"2":{"loc":{"start":{"line":24,"column":23},"end":{"line":24,"column":61}},"type":"cond-expr","locations":[{"start":{"line":24,"column":28},"end":{"line":24,"column":44}},{"start":{"line":24,"column":47},"end":{"line":24,"column":61}}],"line":24},"3":{"loc":{"start":{"line":26,"column":47},"end":{"line":26,"column":65}},"type":"binary-expr","locations":[{"start":{"line":26,"column":47},"end":{"line":26,"column":57}},{"start":{"line":26,"column":61},"end":{"line":26,"column":65}}],"line":26},"4":{"loc":{"start":{"line":28,"column":51},"end":{"line":28,"column":69}},"type":"binary-expr","locations":[{"start":{"line":28,"column":51},"end":{"line":28,"column":61}},{"start":{"line":28,"column":65},"end":{"line":28,"column":69}}],"line":28},"5":{"loc":{"start":{"line":42,"column":25},"end":{"line":42,"column":43}},"type":"binary-expr","locations":[{"start":{"line":42,"column":25},"end":{"line":42,"column":37}},{"start":{"line":42,"column":41},"end":{"line":42,"column":43}}],"line":42},"6":{"loc":{"start":{"line":47,"column":4},"end":{"line":47,"column":79}},"type":"if","locations":[{"start":{"line":47,"column":4},"end":{"line":47,"column":79}},{"start":{},"end":{}}],"line":47},"7":{"loc":{"start":{"line":53,"column":4},"end":{"line":53,"column":81}},"type":"if","locations":[{"start":{"line":53,"column":4},"end":{"line":53,"column":81}},{"start":{},"end":{}}],"line":53},"8":{"loc":{"start":{"line":70,"column":4},"end":{"line":70,"column":81}},"type":"if","locations":[{"start":{"line":70,"column":4},"end":{"line":70,"column":81}},{"start":{},"end":{}}],"line":70},"9":{"loc":{"start":{"line":73,"column":4},"end":{"line":73,"column":81}},"type":"if","locations":[{"start":{"line":73,"column":4},"end":{"line":73,"column":81}},{"start":{},"end":{}}],"line":73},"10":{"loc":{"start":{"line":80,"column":16},"end":{"line":80,"column":51}},"type":"binary-expr","locations":[{"start":{"line":80,"column":16},"end":{"line":80,"column":27}},{"start":{"line":80,"column":31},"end":{"line":80,"column":51}}],"line":80}},"s":{"0":1,"1":1,"2":1,"3":1,"4":1,"5":1,"6":1,"7":1,"8":11,"9":11,"10":11,"11":11,"12":4,"13":2,"14":3,"15":1,"16":1,"17":1,"18":1,"19":2,"20":1,"21":2,"22":2,"23":1,"24":1,"25":2,"26":2,"27":1,"28":1,"29":1,"30":1,"31":3,"32":3,"33":1,"34":2,"35":2,"36":0,"37":2,"38":2,"39":2,"40":1,"41":1,"42":1},"f":{"0":11,"1":2,"2":2,"3":2,"4":3,"5":1},"b":{"0":[11,6],"1":[4,2,3,1,1],"2":[2,2],"3":[2,0],"4":[3,0],"5":[1,0],"6":[1,1],"7":[1,1],"8":[1,2],"9":[0,2],"10":[2,1]},"_coverageSchema":"1a1c01bbd47fc00a2c39e90264f33305004495a9","hash":"b8e1f85b48559c9dbb99e1a94df6fe8ef1f74bf2"}
,"/Users/icarito_mac/Documents/Programming_projects/validatetrack/backend/src/handlers/equipment.js": {"path":"/Users/icarito_mac/Documents/Programming_projects/validatetrack/backend/src/handlers/equipment.js","statementMap":{"0":{"start":{"line":1,"column":27},"end":{"line":1,"column":62}},"1":{"start":{"line":8,"column":4},"end":{"line":8,"column":36}},"2":{"start":{"line":9,"column":23},"end":{"line":9,"column":38}},"3":{"start":{"line":10,"column":21},"end":{"line":10,"column":49}},"4":{"start":{"line":11,"column":54},"end":{"line":11,"column":84}},"5":{"start":{"line":13,"column":15},"end":{"line":13,"column":37}},"6":{"start":{"line":14,"column":18},"end":{"line":14,"column":53}},"7":{"start":{"line":15,"column":19},"end":{"line":15,"column":46}},"8":{"start":{"line":18,"column":43},"end":{"line":18,"column":48}},"9":{"start":{"line":19,"column":15},"end":{"line":19,"column":50}},"10":{"start":{"line":21,"column":4},"end":{"line":37,"column":5}},"11":{"start":{"line":22,"column":8},"end":{"line":33,"column":9}},"12":{"start":{"line":24,"column":16},"end":{"line":24,"column":62}},"13":{"start":{"line":26,"column":16},"end":{"line":26,"column":68}},"14":{"start":{"line":28,"column":16},"end":{"line":28,"column":72}},"15":{"start":{"line":30,"column":16},"end":{"line":30,"column":40}},"16":{"start":{"line":32,"column":16},"end":{"line":32,"column":86}},"17":{"start":{"line":35,"column":8},"end":{"line":35,"column":46}},"18":{"start":{"line":36,"column":8},"end":{"line":36,"column":67}},"19":{"start":{"line":41,"column":19},"end":{"line":41,"column":84}},"20":{"start":{"line":42,"column":4},"end":{"line":42,"column":45}},"21":{"start":{"line":46,"column":19},"end":{"line":46,"column":96}},"22":{"start":{"line":47,"column":4},"end":{"line":47,"column":78}},"23":{"start":{"line":47,"column":22},"end":{"line":47,"column":78}},"24":{"start":{"line":48,"column":4},"end":{"line":48,"column":38}},"25":{"start":{"line":52,"column":32},"end":{"line":52,"column":55}},"26":{"start":{"line":53,"column":4},"end":{"line":53,"column":81}},"27":{"start":{"line":53,"column":18},"end":{"line":53,"column":81}},"28":{"start":{"line":55,"column":17},"end":{"line":63,"column":5}},"29":{"start":{"line":65,"column":4},"end":{"line":65,"column":80}},"30":{"start":{"line":66,"column":4},"end":{"line":66,"column":31}},"31":{"start":{"line":70,"column":21},"end":{"line":70,"column":97}},"32":{"start":{"line":71,"column":4},"end":{"line":71,"column":81}},"33":{"start":{"line":71,"column":24},"end":{"line":71,"column":81}},"34":{"start":{"line":73,"column":31},"end":{"line":73,"column":54}},"35":{"start":{"line":74,"column":4},"end":{"line":74,"column":81}},"36":{"start":{"line":74,"column":18},"end":{"line":74,"column":81}},"37":{"start":{"line":76,"column":20},"end":{"line":84,"column":5}},"38":{"start":{"line":86,"column":4},"end":{"line":86,"column":83}},"39":{"start":{"line":87,"column":4},"end":{"line":87,"column":34}},"40":{"start":{"line":91,"column":4},"end":{"line":91,"column":84}},"41":{"start":{"line":92,"column":4},"end":{"line":92,"column":29}},"42":{"start":{"line":95,"column":0},"end":{"line":95,"column":69}}},"fnMap":{"0":{"name":"handler","decl":{"start":{"line":17,"column":15},"end":{"line":17,"column":22}},"loc":{"start":{"line":17,"column":30},"end":{"line":38,"column":1}},"line":17},"1":{"name":"getAll","decl":{"start":{"line":40,"column":15},"end":{"line":40,"column":21}},"loc":{"start":{"line":40,"column":24},"end":{"line":43,"column":1}},"line":40},"2":{"name":"getOne","decl":{"start":{"line":45,"column":15},"end":{"line":45,"column":21}},"loc":{"start":{"line":45,"column":26},"end":{"line":49,"column":1}},"line":45},"3":{"name":"create","decl":{"start":{"line":51,"column":15},"end":{"line":51,"column":21}},"loc":{"start":{"line":51,"column":28},"end":{"line":67,"column":1}},"line":51},"4":{"name":"update","decl":{"start":{"line":69,"column":15},"end":{"line":69,"column":21}},"loc":{"start":{"line":69,"column":32},"end":{"line":88,"column":1}},"line":69},"5":{"name":"remove","decl":{"start":{"line":90,"column":15},"end":{"line":90,"column":21}},"loc":{"start":{"line":90,"column":26},"end":{"line":93,"column":1}},"line":90}},"branchMap":{"0":{"loc":{"start":{"line":19,"column":15},"end":{"line":19,"column":50}},"type":"binary-expr","locations":[{"start":{"line":19,"column":15},"end":{"line":19,"column":29}},{"start":{"line":19,"column":33},"end":{"line":19,"column":50}}],"line":19},"1":{"loc":{"start":{"line":22,"column":8},"end":{"line":33,"column":9}},"type":"switch","locations":[{"start":{"line":23,"column":12},"end":{"line":24,"column":62}},{"start":{"line":25,"column":12},"end":{"line":26,"column":68}},{"start":{"line":27,"column":12},"end":{"line":28,"column":72}},{"start":{"line":29,"column":12},"end":{"line":30,"column":40}},{"start":{"line":31,"column":12},"end":{"line":32,"column":86}}],"line":22},"2":{"loc":{"start":{"line":24,"column":23},"end":{"line":24,"column":61}},"type":"cond-expr","locations":[{"start":{"line":24,"column":28},"end":{"line":24,"column":44}},{"start":{"line":24,"column":47},"end":{"line":24,"column":61}}],"line":24},"3":{"loc":{"start":{"line":26,"column":47},"end":{"line":26,"column":65}},"type":"binary-expr","locations":[{"start":{"line":26,"column":47},"end":{"line":26,"column":57}},{"start":{"line":26,"column":61},"end":{"line":26,"column":65}}],"line":26},"4":{"loc":{"start":{"line":28,"column":51},"end":{"line":28,"column":69}},"type":"binary-expr","locations":[{"start":{"line":28,"column":51},"end":{"line":28,"column":61}},{"start":{"line":28,"column":65},"end":{"line":28,"column":69}}],"line":28},"5":{"loc":{"start":{"line":42,"column":25},"end":{"line":42,"column":43}},"type":"binary-expr","locations":[{"start":{"line":42,"column":25},"end":{"line":42,"column":37}},{"start":{"line":42,"column":41},"end":{"line":42,"column":43}}],"line":42},"6":{"loc":{"start":{"line":47,"column":4},"end":{"line":47,"column":78}},"type":"if","locations":[{"start":{"line":47,"column":4},"end":{"line":47,"column":78}},{"start":{},"end":{}}],"line":47},"7":{"loc":{"start":{"line":53,"column":4},"end":{"line":53,"column":81}},"type":"if","locations":[{"start":{"line":53,"column":4},"end":{"line":53,"column":81}},{"start":{},"end":{}}],"line":53},"8":{"loc":{"start":{"line":71,"column":4},"end":{"line":71,"column":81}},"type":"if","locations":[{"start":{"line":71,"column":4},"end":{"line":71,"column":81}},{"start":{},"end":{}}],"line":71},"9":{"loc":{"start":{"line":74,"column":4},"end":{"line":74,"column":81}},"type":"if","locations":[{"start":{"line":74,"column":4},"end":{"line":74,"column":81}},{"start":{},"end":{}}],"line":74}},"s":{"0":1,"1":1,"2":1,"3":1,"4":1,"5":1,"6":1,"7":1,"8":10,"9":10,"10":10,"11":10,"12":4,"13":2,"14":2,"15":1,"16":1,"17":1,"18":1,"19":2,"20":1,"21":2,"22":2,"23":1,"24":1,"25":2,"26":2,"27":1,"28":1,"29":1,"30":1,"31":2,"32":2,"33":1,"34":1,"35":1,"36":0,"37":1,"38":1,"39":1,"40":1,"41":1,"42":1},"f":{"0":10,"1":2,"2":2,"3":2,"4":2,"5":1},"b":{"0":[10,5],"1":[4,2,2,1,1],"2":[2,2],"3":[2,0],"4":[2,0],"5":[1,0],"6":[1,1],"7":[1,1],"8":[1,1],"9":[0,1]},"_coverageSchema":"1a1c01bbd47fc00a2c39e90264f33305004495a9","hash":"43f63ec405697526754c46e30ed8e34bd36789f0"}
,"/Users/icarito_mac/Documents/Programming_projects/validatetrack/backend/src/utils/response.js": {"path":"/Users/icarito_mac/Documents/Programming_projects/validatetrack/backend/src/utils/response.js","statementMap":{"0":{"start":{"line":2,"column":4},"end":{"line":9,"column":6}},"1":{"start":{"line":12,"column":0},"end":{"line":12,"column":30}}},"fnMap":{"0":{"name":"response","decl":{"start":{"line":1,"column":9},"end":{"line":1,"column":17}},"loc":{"start":{"line":1,"column":36},"end":{"line":10,"column":1}},"line":1}},"branchMap":{},"s":{"0":21,"1":2},"f":{"0":21},"b":{},"_coverageSchema":"1a1c01bbd47fc00a2c39e90264f33305004495a9","hash":"ec114550190344f4bfbef63dbf3d85e1285e5ca2"}
,"/Users/icarito_mac/Documents/Programming_projects/validatetrack/backend/src/utils/validators.js": {"path":"/Users/icarito_mac/Documents/Programming_projects/validatetrack/backend/src/utils/validators.js","statementMap":{"0":{"start":{"line":1,"column":27},"end":{"line":1,"column":63}},"1":{"start":{"line":2,"column":29},"end":{"line":2,"column":59}},"2":{"start":{"line":3,"column":27},"end":{"line":3,"column":61}},"3":{"start":{"line":6,"column":19},"end":{"line":6,"column":21}},"4":{"start":{"line":8,"column":4},"end":{"line":10,"column":5}},"5":{"start":{"line":9,"column":8},"end":{"line":9,"column":40}},"6":{"start":{"line":11,"column":4},"end":{"line":13,"column":5}},"7":{"start":{"line":12,"column":8},"end":{"line":12,"column":44}},"8":{"start":{"line":14,"column":4},"end":{"line":16,"column":5}},"9":{"start":{"line":15,"column":8},"end":{"line":15,"column":77}},"10":{"start":{"line":17,"column":4},"end":{"line":19,"column":5}},"11":{"start":{"line":18,"column":8},"end":{"line":18,"column":69}},"12":{"start":{"line":20,"column":4},"end":{"line":22,"column":5}},"13":{"start":{"line":21,"column":8},"end":{"line":21,"column":79}},"14":{"start":{"line":24,"column":4},"end":{"line":24,"column":52}},"15":{"start":{"line":28,"column":19},"end":{"line":28,"column":21}},"16":{"start":{"line":30,"column":4},"end":{"line":32,"column":5}},"17":{"start":{"line":31,"column":8},"end":{"line":31,"column":47}},"18":{"start":{"line":33,"column":4},"end":{"line":35,"column":5}},"19":{"start":{"line":34,"column":8},"end":{"line":34,"column":47}},"20":{"start":{"line":36,"column":4},"end":{"line":38,"column":5}},"21":{"start":{"line":37,"column":8},"end":{"line":37,"column":83}},"22":{"start":{"line":39,"column":4},"end":{"line":41,"column":5}},"23":{"start":{"line":40,"column":8},"end":{"line":40,"column":79}},"24":{"start":{"line":43,"column":4},"end":{"line":43,"column":52}},"25":{"start":{"line":47,"column":16},"end":{"line":47,"column":37}},"26":{"start":{"line":48,"column":25},"end":{"line":48,"column":73}},"27":{"start":{"line":50,"column":4},"end":{"line":50,"column":43}},"28":{"start":{"line":50,"column":26},"end":{"line":50,"column":43}},"29":{"start":{"line":51,"column":4},"end":{"line":51,"column":46}},"30":{"start":{"line":51,"column":28},"end":{"line":51,"column":46}},"31":{"start":{"line":54,"column":4},"end":{"line":54,"column":23}},"32":{"start":{"line":57,"column":0},"end":{"line":64,"column":2}}},"fnMap":{"0":{"name":"validateEquipment","decl":{"start":{"line":5,"column":9},"end":{"line":5,"column":26}},"loc":{"start":{"line":5,"column":32},"end":{"line":25,"column":1}},"line":5},"1":{"name":"validateDeviation","decl":{"start":{"line":27,"column":9},"end":{"line":27,"column":26}},"loc":{"start":{"line":27,"column":32},"end":{"line":44,"column":1}},"line":27},"2":{"name":"computeEquipmentStatus","decl":{"start":{"line":46,"column":9},"end":{"line":46,"column":31}},"loc":{"start":{"line":46,"column":65},"end":{"line":55,"column":1}},"line":46}},"branchMap":{"0":{"loc":{"start":{"line":8,"column":4},"end":{"line":10,"column":5}},"type":"if","locations":[{"start":{"line":8,"column":4},"end":{"line":10,"column":5}},{"start":{},"end":{}}],"line":8},"1":{"loc":{"start":{"line":8,"column":8},"end":{"line":8,"column":78}},"type":"binary-expr","locations":[{"start":{"line":8,"column":8},"end":{"line":8,"column":18}},{"start":{"line":8,"column":22},"end":{"line":8,"column":51}},{"start":{"line":8,"column":55},"end":{"line":8,"column":78}}],"line":8},"2":{"loc":{"start":{"line":11,"column":4},"end":{"line":13,"column":5}},"type":"if","locations":[{"start":{"line":11,"column":4},"end":{"line":13,"column":5}},{"start":{},"end":{}}],"line":11},"3":{"loc":{"start":{"line":11,"column":8},"end":{"line":11,"column":59}},"type":"binary-expr","locations":[{"start":{"line":11,"column":8},"end":{"line":11,"column":22}},{"start":{"line":11,"column":26},"end":{"line":11,"column":59}}],"line":11},"4":{"loc":{"start":{"line":14,"column":4},"end":{"line":16,"column":5}},"type":"if","locations":[{"start":{"line":14,"column":4},"end":{"line":16,"column":5}},{"start":{},"end":{}}],"line":14},"5":{"loc":{"start":{"line":14,"column":8},"end":{"line":14,"column":80}},"type":"binary-expr","locations":[{"start":{"line":14,"column":8},"end":{"line":14,"column":33}},{"start":{"line":14,"column":37},"end":{"line":14,"column":80}}],"line":14},"6":{"loc":{"start":{"line":17,"column":4},"end":{"line":19,"column":5}},"type":"if","locations":[{"start":{"line":17,"column":4},"end":{"line":19,"column":5}},{"start":{},"end":{}}],"line":17},"7":{"loc":{"start":{"line":17,"column":8},"end":{"line":17,"column":64}},"type":"binary-expr","locations":[{"start":{"line":17,"column":8},"end":{"line":17,"column":25}},{"start":{"line":17,"column":29},"end":{"line":17,"column":64}}],"line":17},"8":{"loc":{"start":{"line":20,"column":4},"end":{"line":22,"column":5}},"type":"if","locations":[{"start":{"line":20,"column":4},"end":{"line":22,"column":5}},{"start":{},"end":{}}],"line":20},"9":{"loc":{"start":{"line":20,"column":8},"end":{"line":20,"column":64}},"type":"binary-expr","locations":[{"start":{"line":20,"column":8},"end":{"line":20,"column":19}},{"start":{"line":20,"column":23},"end":{"line":20,"column":64}}],"line":20},"10":{"loc":{"start":{"line":30,"column":4},"end":{"line":32,"column":5}},"type":"if","locations":[{"start":{"line":30,"column":4},"end":{"line":32,"column":5}},{"start":{},"end":{}}],"line":30},"11":{"loc":{"start":{"line":30,"column":8},"end":{"line":30,"column":65}},"type":"binary-expr","locations":[{"start":{"line":30,"column":8},"end":{"line":30,"column":25}},{"start":{"line":30,"column":29},"end":{"line":30,"column":65}}],"line":30},"12":{"loc":{"start":{"line":33,"column":4},"end":{"line":35,"column":5}},"type":"if","locations":[{"start":{"line":33,"column":4},"end":{"line":35,"column":5}},{"start":{},"end":{}}],"line":33},"13":{"loc":{"start":{"line":33,"column":8},"end":{"line":33,"column":59}},"type":"binary-expr","locations":[{"start":{"line":33,"column":8},"end":{"line":33,"column":25}},{"start":{"line":33,"column":29},"end":{"line":33,"column":59}}],"line":33},"14":{"loc":{"start":{"line":36,"column":4},"end":{"line":38,"column":5}},"type":"if","locations":[{"start":{"line":36,"column":4},"end":{"line":38,"column":5}},{"start":{},"end":{}}],"line":36},"15":{"loc":{"start":{"line":36,"column":8},"end":{"line":36,"column":71}},"type":"binary-expr","locations":[{"start":{"line":36,"column":8},"end":{"line":36,"column":22}},{"start":{"line":36,"column":26},"end":{"line":36,"column":71}}],"line":36},"16":{"loc":{"start":{"line":39,"column":4},"end":{"line":41,"column":5}},"type":"if","locations":[{"start":{"line":39,"column":4},"end":{"line":41,"column":5}},{"start":{},"end":{}}],"line":39},"17":{"loc":{"start":{"line":39,"column":8},"end":{"line":39,"column":64}},"type":"binary-expr","locations":[{"start":{"line":39,"column":8},"end":{"line":39,"column":19}},{"start":{"line":39,"column":23},"end":{"line":39,"column":64}}],"line":39},"18":{"loc":{"start":{"line":46,"column":45},"end":{"line":46,"column":63}},"type":"default-arg","locations":[{"start":{"line":46,"column":53},"end":{"line":46,"column":63}}],"line":46},"19":{"loc":{"start":{"line":50,"column":4},"end":{"line":50,"column":43}},"type":"if","locations":[{"start":{"line":50,"column":4},"end":{"line":50,"column":43}},{"start":{},"end":{}}],"line":50},"20":{"loc":{"start":{"line":51,"column":4},"end":{"line":51,"column":46}},"type":"if","locations":[{"start":{"line":51,"column":4},"end":{"line":51,"column":46}},{"start":{},"end":{}}],"line":51}},"s":{"0":3,"1":3,"2":3,"3":7,"4":7,"5":2,"6":7,"7":1,"8":7,"9":1,"10":7,"11":2,"12":7,"13":1,"14":7,"15":10,"16":10,"17":1,"18":10,"19":2,"20":10,"21":1,"22":10,"23":1,"24":10,"25":5,"26":5,"27":5,"28":1,"29":4,"30":1,"31":3,"32":3},"f":{"0":7,"1":10,"2":5},"b":{"0":[2,5],"1":[7,5,5],"2":[1,6],"3":[7,6],"4":[1,6],"5":[7,6],"6":[2,5],"7":[7,6],"8":[1,6],"9":[7,1],"10":[1,9],"11":[10,9],"12":[2,8],"13":[10,8],"14":[1,9],"15":[10,9],"16":[1,9],"17":[10,7],"18":[2],"19":[1,4],"20":[1,3]},"_coverageSchema":"1a1c01bbd47fc00a2c39e90264f33305004495a9","hash":"e0e74277843d9ea7347ca149db44b2cf57331439"}
}
