<?xml version="1.0" encoding="UTF-8"?>
<coverage generated="1783363011921" clover="3.2.0">
  <project timestamp="1783363011921" name="All files">
    <metrics statements="31" coveredstatements="26" conditionals="42" coveredconditionals="35" methods="3" coveredmethods="3" elements="76" coveredelements="64" complexity="0" loc="31" ncloc="31" packages="1" files="1" classes="1"/>
    <file name="validators.js" path="/Users/icarito_mac/Documents/Programming_projects/validatetrack/backend/src/utils/validators.js">
      <metrics statements="31" coveredstatements="26" conditionals="42" coveredconditionals="35" methods="3" coveredmethods="3"/>
      <line num="1" count="1" type="stmt"/>
      <line num="2" count="1" type="stmt"/>
      <line num="3" count="1" type="stmt"/>
      <line num="6" count="3" type="stmt"/>
      <line num="8" count="3" type="cond" truecount="5" falsecount="0"/>
      <line num="9" count="1" type="stmt"/>
      <line num="11" count="3" type="cond" truecount="3" falsecount="1"/>
      <line num="12" count="0" type="stmt"/>
      <line num="14" count="3" type="cond" truecount="3" falsecount="1"/>
      <line num="15" count="0" type="stmt"/>
      <line num="17" count="3" type="cond" truecount="4" falsecount="0"/>
      <line num="18" count="1" type="stmt"/>
      <line num="20" count="3" type="cond" truecount="2" falsecount="2"/>
      <line num="21" count="0" type="stmt"/>
      <line num="24" count="3" type="stmt"/>
      <line num="28" count="5" type="stmt"/>
      <line num="30" count="5" type="cond" truecount="4" falsecount="0"/>
      <line num="31" count="1" type="stmt"/>
      <line num="33" count="5" type="cond" truecount="4" falsecount="0"/>
      <line num="34" count="1" type="stmt"/>
      <line num="36" count="5" type="cond" truecount="3" falsecount="1"/>
      <line num="37" count="0" type="stmt"/>
      <line num="39" count="5" type="cond" truecount="3" falsecount="1"/>
      <line num="40" count="0" type="stmt"/>
      <line num="43" count="5" type="stmt"/>
      <line num="47" count="3" type="stmt"/>
      <line num="48" count="3" type="stmt"/>
      <line num="50" count="3" type="cond" truecount="2" falsecount="0"/>
      <line num="51" count="2" type="cond" truecount="2" falsecount="0"/>
      <line num="54" count="1" type="stmt"/>
      <line num="57" count="1" type="stmt"/>
    </file>
  </project>
</coverage>
