TN:
SF:.aws-sam/build/DeviationsFunction/src/handlers/deviations.js
FN:17,handler
FN:40,getAll
FN:45,getOne
FN:51,create
FN:68,update
FN:88,remove
FNF:6
FNH:6
FNDA:11,handler
FNDA:2,getAll
FNDA:2,getOne
FNDA:2,create
FNDA:3,update
FNDA:1,remove
DA:1,1
DA:8,1
DA:9,1
DA:10,1
DA:11,1
DA:13,1
DA:14,1
DA:15,1
DA:18,11
DA:19,11
DA:21,11
DA:22,11
DA:24,4
DA:26,2
DA:28,3
DA:30,1
DA:32,1
DA:35,1
DA:36,1
DA:41,2
DA:42,1
DA:46,2
DA:47,2
DA:48,1
DA:52,2
DA:53,2
DA:55,1
DA:64,1
DA:65,1
DA:69,3
DA:70,3
DA:72,2
DA:73,2
DA:75,2
DA:84,2
DA:85,2
DA:89,1
DA:90,1
DA:93,1
LF:39
LH:39
BRDA:19,0,0,11
BRDA:19,0,1,6
BRDA:22,1,0,4
BRDA:22,1,1,2
BRDA:22,1,2,3
BRDA:22,1,3,1
BRDA:22,1,4,1
BRDA:24,2,0,2
BRDA:24,2,1,2
BRDA:26,3,0,2
BRDA:26,3,1,0
BRDA:28,4,0,3
BRDA:28,4,1,0
BRDA:42,5,0,1
BRDA:42,5,1,0
BRDA:47,6,0,1
BRDA:47,6,1,1
BRDA:53,7,0,1
BRDA:53,7,1,1
BRDA:70,8,0,1
BRDA:70,8,1,2
BRDA:73,9,0,0
BRDA:73,9,1,2
BRDA:80,10,0,2
BRDA:80,10,1,1
BRF:25
BRH:21
end_of_record
TN:
SF:.aws-sam/build/DeviationsFunction/src/handlers/equipment.js
FN:17,handler
FN:40,getAll
FN:45,getOne
FN:51,create
FN:69,update
FN:90,remove
FNF:6
FNH:6
FNDA:10,handler
FNDA:2,getAll
FNDA:2,getOne
FNDA:2,create
FNDA:2,update
FNDA:1,remove
DA:1,1
DA:8,1
DA:9,1
DA:10,1
DA:11,1
DA:13,1
DA:14,1
DA:15,1
DA:18,10
DA:19,10
DA:21,10
DA:22,10
DA:24,4
DA:26,2
DA:28,2
DA:30,1
DA:32,1
DA:35,1
DA:36,1
DA:41,2
DA:42,1
DA:46,2
DA:47,2
DA:48,1
DA:52,2
DA:53,2
DA:55,1
DA:65,1
DA:66,1
DA:70,2
DA:71,2
DA:73,1
DA:74,1
DA:76,1
DA:86,1
DA:87,1
DA:91,1
DA:92,1
DA:95,1
LF:39
LH:39
BRDA:19,0,0,10
BRDA:19,0,1,5
BRDA:22,1,0,4
BRDA:22,1,1,2
BRDA:22,1,2,2
BRDA:22,1,3,1
BRDA:22,1,4,1
BRDA:24,2,0,2
BRDA:24,2,1,2
BRDA:26,3,0,2
BRDA:26,3,1,0
BRDA:28,4,0,2
BRDA:28,4,1,0
BRDA:42,5,0,1
BRDA:42,5,1,0
BRDA:47,6,0,1
BRDA:47,6,1,1
BRDA:53,7,0,1
BRDA:53,7,1,1
BRDA:71,8,0,1
BRDA:71,8,1,1
BRDA:74,9,0,0
BRDA:74,9,1,1
BRF:23
BRH:19
end_of_record
TN:
SF:.aws-sam/build/DeviationsFunction/src/utils/response.js
FN:1,response
FNF:1
FNH:1
FNDA:21,response
DA:2,21
DA:12,2
LF:2
LH:2
BRF:0
BRH:0
end_of_record
TN:
SF:.aws-sam/build/DeviationsFunction/src/utils/validators.js
FN:5,validateEquipment
FN:27,validateDeviation
FN:46,computeEquipmentStatus
FNF:3
FNH:3
FNDA:7,validateEquipment
FNDA:10,validateDeviation
FNDA:5,computeEquipmentStatus
DA:1,3
DA:2,3
DA:3,3
DA:6,7
DA:8,7
DA:9,2
DA:11,7
DA:12,1
DA:14,7
DA:15,1
DA:17,7
DA:18,2
DA:20,7
DA:21,1
DA:24,7
DA:28,10
DA:30,10
DA:31,1
DA:33,10
DA:34,2
DA:36,10
DA:37,1
DA:39,10
DA:40,1
DA:43,10
DA:47,5
DA:48,5
DA:50,5
DA:51,4
DA:54,3
DA:57,3
LF:31
LH:31
BRDA:8,0,0,2
BRDA:8,0,1,5
BRDA:8,1,0,7
BRDA:8,1,1,5
BRDA:8,1,2,5
BRDA:11,2,0,1
BRDA:11,2,1,6
BRDA:11,3,0,7
BRDA:11,3,1,6
BRDA:14,4,0,1
BRDA:14,4,1,6
BRDA:14,5,0,7
BRDA:14,5,1,6
BRDA:17,6,0,2
BRDA:17,6,1,5
BRDA:17,7,0,7
BRDA:17,7,1,6
BRDA:20,8,0,1
BRDA:20,8,1,6
BRDA:20,9,0,7
BRDA:20,9,1,1
BRDA:30,10,0,1
BRDA:30,10,1,9
BRDA:30,11,0,10
BRDA:30,11,1,9
BRDA:33,12,0,2
BRDA:33,12,1,8
BRDA:33,13,0,10
BRDA:33,13,1,8
BRDA:36,14,0,1
BRDA:36,14,1,9
BRDA:36,15,0,10
BRDA:36,15,1,9
BRDA:39,16,0,1
BRDA:39,16,1,9
BRDA:39,17,0,10
BRDA:39,17,1,7
BRDA:46,18,0,2
BRDA:50,19,0,1
BRDA:50,19,1,4
BRDA:51,20,0,1
BRDA:51,20,1,3
BRF:42
BRH:42
end_of_record
TN:
SF:.aws-sam/build/EquipmentFunction/src/handlers/deviations.js
FN:17,handler
FN:40,getAll
FN:45,getOne
FN:51,create
FN:68,update
FN:88,remove
FNF:6
FNH:6
FNDA:11,handler
FNDA:2,getAll
FNDA:2,getOne
FNDA:2,create
FNDA:3,update
FNDA:1,remove
DA:1,1
DA:8,1
DA:9,1
DA:10,1
DA:11,1
DA:13,1
DA:14,1
DA:15,1
DA:18,11
DA:19,11
DA:21,11
DA:22,11
DA:24,4
DA:26,2
DA:28,3
DA:30,1
DA:32,1
DA:35,1
DA:36,1
DA:41,2
DA:42,1
DA:46,2
DA:47,2
DA:48,1
DA:52,2
DA:53,2
DA:55,1
DA:64,1
DA:65,1
DA:69,3
DA:70,3
DA:72,2
DA:73,2
DA:75,2
DA:84,2
DA:85,2
DA:89,1
DA:90,1
DA:93,1
LF:39
LH:39
BRDA:19,0,0,11
BRDA:19,0,1,6
BRDA:22,1,0,4
BRDA:22,1,1,2
BRDA:22,1,2,3
BRDA:22,1,3,1
BRDA:22,1,4,1
BRDA:24,2,0,2
BRDA:24,2,1,2
BRDA:26,3,0,2
BRDA:26,3,1,0
BRDA:28,4,0,3
BRDA:28,4,1,0
BRDA:42,5,0,1
BRDA:42,5,1,0
BRDA:47,6,0,1
BRDA:47,6,1,1
BRDA:53,7,0,1
BRDA:53,7,1,1
BRDA:70,8,0,1
BRDA:70,8,1,2
BRDA:73,9,0,0
BRDA:73,9,1,2
BRDA:80,10,0,2
BRDA:80,10,1,1
BRF:25
BRH:21
end_of_record
TN:
SF:.aws-sam/build/EquipmentFunction/src/handlers/equipment.js
FN:17,handler
FN:40,getAll
FN:45,getOne
FN:51,create
FN:69,update
FN:90,remove
FNF:6
FNH:6
FNDA:10,handler
FNDA:2,getAll
FNDA:2,getOne
FNDA:2,create
FNDA:2,update
FNDA:1,remove
DA:1,1
DA:8,1
DA:9,1
DA:10,1
DA:11,1
DA:13,1
DA:14,1
DA:15,1
DA:18,10
DA:19,10
DA:21,10
DA:22,10
DA:24,4
DA:26,2
DA:28,2
DA:30,1
DA:32,1
DA:35,1
DA:36,1
DA:41,2
DA:42,1
DA:46,2
DA:47,2
DA:48,1
DA:52,2
DA:53,2
DA:55,1
DA:65,1
DA:66,1
DA:70,2
DA:71,2
DA:73,1
DA:74,1
DA:76,1
DA:86,1
DA:87,1
DA:91,1
DA:92,1
DA:95,1
LF:39
LH:39
BRDA:19,0,0,10
BRDA:19,0,1,5
BRDA:22,1,0,4
BRDA:22,1,1,2
BRDA:22,1,2,2
BRDA:22,1,3,1
BRDA:22,1,4,1
BRDA:24,2,0,2
BRDA:24,2,1,2
BRDA:26,3,0,2
BRDA:26,3,1,0
BRDA:28,4,0,2
BRDA:28,4,1,0
BRDA:42,5,0,1
BRDA:42,5,1,0
BRDA:47,6,0,1
BRDA:47,6,1,1
BRDA:53,7,0,1
BRDA:53,7,1,1
BRDA:71,8,0,1
BRDA:71,8,1,1
BRDA:74,9,0,0
BRDA:74,9,1,1
BRF:23
BRH:19
end_of_record
TN:
SF:.aws-sam/build/EquipmentFunction/src/utils/response.js
FN:1,response
FNF:1
FNH:1
FNDA:21,response
DA:2,21
DA:12,2
LF:2
LH:2
BRF:0
BRH:0
end_of_record
TN:
SF:.aws-sam/build/EquipmentFunction/src/utils/validators.js
FN:5,validateEquipment
FN:27,validateDeviation
FN:46,computeEquipmentStatus
FNF:3
FNH:3
FNDA:7,validateEquipment
FNDA:10,validateDeviation
FNDA:5,computeEquipmentStatus
DA:1,3
DA:2,3
DA:3,3
DA:6,7
DA:8,7
DA:9,2
DA:11,7
DA:12,1
DA:14,7
DA:15,1
DA:17,7
DA:18,2
DA:20,7
DA:21,1
DA:24,7
DA:28,10
DA:30,10
DA:31,1
DA:33,10
DA:34,2
DA:36,10
DA:37,1
DA:39,10
DA:40,1
DA:43,10
DA:47,5
DA:48,5
DA:50,5
DA:51,4
DA:54,3
DA:57,3
LF:31
LH:31
BRDA:8,0,0,2
BRDA:8,0,1,5
BRDA:8,1,0,7
BRDA:8,1,1,5
BRDA:8,1,2,5
BRDA:11,2,0,1
BRDA:11,2,1,6
BRDA:11,3,0,7
BRDA:11,3,1,6
BRDA:14,4,0,1
BRDA:14,4,1,6
BRDA:14,5,0,7
BRDA:14,5,1,6
BRDA:17,6,0,2
BRDA:17,6,1,5
BRDA:17,7,0,7
BRDA:17,7,1,6
BRDA:20,8,0,1
BRDA:20,8,1,6
BRDA:20,9,0,7
BRDA:20,9,1,1
BRDA:30,10,0,1
BRDA:30,10,1,9
BRDA:30,11,0,10
BRDA:30,11,1,9
BRDA:33,12,0,2
BRDA:33,12,1,8
BRDA:33,13,0,10
BRDA:33,13,1,8
BRDA:36,14,0,1
BRDA:36,14,1,9
BRDA:36,15,0,10
BRDA:36,15,1,9
BRDA:39,16,0,1
BRDA:39,16,1,9
BRDA:39,17,0,10
BRDA:39,17,1,7
BRDA:46,18,0,2
BRDA:50,19,0,1
BRDA:50,19,1,4
BRDA:51,20,0,1
BRDA:51,20,1,3
BRF:42
BRH:42
end_of_record
TN:
SF:src/handlers/deviations.js
FN:17,handler
FN:40,getAll
FN:45,getOne
FN:51,create
FN:68,update
FN:88,remove
FNF:6
FNH:6
FNDA:11,handler
FNDA:2,getAll
FNDA:2,getOne
FNDA:2,create
FNDA:3,update
FNDA:1,remove
DA:1,1
DA:8,1
DA:9,1
DA:10,1
DA:11,1
DA:13,1
DA:14,1
DA:15,1
DA:18,11
DA:19,11
DA:21,11
DA:22,11
DA:24,4
DA:26,2
DA:28,3
DA:30,1
DA:32,1
DA:35,1
DA:36,1
DA:41,2
DA:42,1
DA:46,2
DA:47,2
DA:48,1
DA:52,2
DA:53,2
DA:55,1
DA:64,1
DA:65,1
DA:69,3
DA:70,3
DA:72,2
DA:73,2
DA:75,2
DA:84,2
DA:85,2
DA:89,1
DA:90,1
DA:93,1
LF:39
LH:39
BRDA:19,0,0,11
BRDA:19,0,1,6
BRDA:22,1,0,4
BRDA:22,1,1,2
BRDA:22,1,2,3
BRDA:22,1,3,1
BRDA:22,1,4,1
BRDA:24,2,0,2
BRDA:24,2,1,2
BRDA:26,3,0,2
BRDA:26,3,1,0
BRDA:28,4,0,3
BRDA:28,4,1,0
BRDA:42,5,0,1
BRDA:42,5,1,0
BRDA:47,6,0,1
BRDA:47,6,1,1
BRDA:53,7,0,1
BRDA:53,7,1,1
BRDA:70,8,0,1
BRDA:70,8,1,2
BRDA:73,9,0,0
BRDA:73,9,1,2
BRDA:80,10,0,2
BRDA:80,10,1,1
BRF:25
BRH:21
end_of_record
TN:
SF:src/handlers/equipment.js
FN:17,handler
FN:40,getAll
FN:45,getOne
FN:51,create
FN:69,update
FN:90,remove
FNF:6
FNH:6
FNDA:10,handler
FNDA:2,getAll
FNDA:2,getOne
FNDA:2,create
FNDA:2,update
FNDA:1,remove
DA:1,1
DA:8,1
DA:9,1
DA:10,1
DA:11,1
DA:13,1
DA:14,1
DA:15,1
DA:18,10
DA:19,10
DA:21,10
DA:22,10
DA:24,4
DA:26,2
DA:28,2
DA:30,1
DA:32,1
DA:35,1
DA:36,1
DA:41,2
DA:42,1
DA:46,2
DA:47,2
DA:48,1
DA:52,2
DA:53,2
DA:55,1
DA:65,1
DA:66,1
DA:70,2
DA:71,2
DA:73,1
DA:74,1
DA:76,1
DA:86,1
DA:87,1
DA:91,1
DA:92,1
DA:95,1
LF:39
LH:39
BRDA:19,0,0,10
BRDA:19,0,1,5
BRDA:22,1,0,4
BRDA:22,1,1,2
BRDA:22,1,2,2
BRDA:22,1,3,1
BRDA:22,1,4,1
BRDA:24,2,0,2
BRDA:24,2,1,2
BRDA:26,3,0,2
BRDA:26,3,1,0
BRDA:28,4,0,2
BRDA:28,4,1,0
BRDA:42,5,0,1
BRDA:42,5,1,0
BRDA:47,6,0,1
BRDA:47,6,1,1
BRDA:53,7,0,1
BRDA:53,7,1,1
BRDA:71,8,0,1
BRDA:71,8,1,1
BRDA:74,9,0,0
BRDA:74,9,1,1
BRF:23
BRH:19
end_of_record
TN:
SF:src/utils/response.js
FN:1,response
FNF:1
FNH:1
FNDA:21,response
DA:2,21
DA:12,2
LF:2
LH:2
BRF:0
BRH:0
end_of_record
TN:
SF:src/utils/validators.js
FN:5,validateEquipment
FN:27,validateDeviation
FN:46,computeEquipmentStatus
FNF:3
FNH:3
FNDA:7,validateEquipment
FNDA:10,validateDeviation
FNDA:5,computeEquipmentStatus
DA:1,3
DA:2,3
DA:3,3
DA:6,7
DA:8,7
DA:9,2
DA:11,7
DA:12,1
DA:14,7
DA:15,1
DA:17,7
DA:18,2
DA:20,7
DA:21,1
DA:24,7
DA:28,10
DA:30,10
DA:31,1
DA:33,10
DA:34,2
DA:36,10
DA:37,1
DA:39,10
DA:40,1
DA:43,10
DA:47,5
DA:48,5
DA:50,5
DA:51,4
DA:54,3
DA:57,3
LF:31
LH:31
BRDA:8,0,0,2
BRDA:8,0,1,5
BRDA:8,1,0,7
BRDA:8,1,1,5
BRDA:8,1,2,5
BRDA:11,2,0,1
BRDA:11,2,1,6
BRDA:11,3,0,7
BRDA:11,3,1,6
BRDA:14,4,0,1
BRDA:14,4,1,6
BRDA:14,5,0,7
BRDA:14,5,1,6
BRDA:17,6,0,2
BRDA:17,6,1,5
BRDA:17,7,0,7
BRDA:17,7,1,6
BRDA:20,8,0,1
BRDA:20,8,1,6
BRDA:20,9,0,7
BRDA:20,9,1,1
BRDA:30,10,0,1
BRDA:30,10,1,9
BRDA:30,11,0,10
BRDA:30,11,1,9
BRDA:33,12,0,2
BRDA:33,12,1,8
BRDA:33,13,0,10
BRDA:33,13,1,8
BRDA:36,14,0,1
BRDA:36,14,1,9
BRDA:36,15,0,10
BRDA:36,15,1,9
BRDA:39,16,0,1
BRDA:39,16,1,9
BRDA:39,17,0,10
BRDA:39,17,1,7
BRDA:46,18,0,2
BRDA:50,19,0,1
BRDA:50,19,1,4
BRDA:51,20,0,1
BRDA:51,20,1,3
BRF:42
BRH:42
end_of_record
