TN:
SF:src/handlers/deviations.js
FN:17,handler
FN:40,getAll
FN:45,getOne
FN:51,create
FN:68,update
FN:88,remove
FNF:6
FNH:5
FNDA:6,handler
FNDA:1,getAll
FNDA:0,getOne
FNDA:2,create
FNDA:2,update
FNDA:1,remove
DA:1,1
DA:8,1
DA:9,1
DA:10,1
DA:11,1
DA:13,1
DA:14,1
DA:15,1
DA:18,6
DA:19,6
DA:21,6
DA:22,6
DA:24,1
DA:26,2
DA:28,2
DA:30,1
DA:32,0
DA:35,0
DA:36,0
DA:41,1
DA:42,1
DA:46,0
DA:47,0
DA:48,0
DA:52,2
DA:53,2
DA:55,1
DA:64,1
DA:65,1
DA:69,2
DA:70,2
DA:72,1
DA:73,1
DA:75,1
DA:84,1
DA:85,1
DA:89,1
DA:90,1
DA:93,1
LF:39
LH:33
BRDA:19,0,0,6
BRDA:19,0,1,3
BRDA:22,1,0,1
BRDA:22,1,1,2
BRDA:22,1,2,2
BRDA:22,1,3,1
BRDA:22,1,4,0
BRDA:24,2,0,0
BRDA:24,2,1,1
BRDA:26,3,0,2
BRDA:26,3,1,0
BRDA:28,4,0,2
BRDA:28,4,1,0
BRDA:42,5,0,1
BRDA:42,5,1,0
BRDA:47,6,0,0
BRDA:47,6,1,0
BRDA:53,7,0,1
BRDA:53,7,1,1
BRDA:70,8,0,1
BRDA:70,8,1,1
BRDA:73,9,0,0
BRDA:73,9,1,1
BRDA:80,10,0,1
BRDA:80,10,1,0
BRF:25
BRH:16
end_of_record
TN:
SF:src/handlers/equipment.js
FN:17,handler
FN:40,getAll
FN:45,getOne
FN:51,create
FN:69,update
FN:90,remove
FNF:6
FNH:3
FNDA:3,handler
FNDA:1,getAll
FNDA:0,getOne
FNDA:2,create
FNDA:0,update
FNDA:0,remove
DA:1,1
DA:8,1
DA:9,1
DA:10,1
DA:11,1
DA:13,1
DA:14,1
DA:15,1
DA:18,3
DA:19,3
DA:21,3
DA:22,3
DA:24,1
DA:26,2
DA:28,0
DA:30,0
DA:32,0
DA:35,0
DA:36,0
DA:41,1
DA:42,1
DA:46,0
DA:47,0
DA:48,0
DA:52,2
DA:53,2
DA:55,1
DA:65,1
DA:66,1
DA:70,0
DA:71,0
DA:73,0
DA:74,0
DA:76,0
DA:86,0
DA:87,0
DA:91,0
DA:92,0
DA:95,1
LF:39
LH:22
BRDA:19,0,0,3
BRDA:19,0,1,0
BRDA:22,1,0,1
BRDA:22,1,1,2
BRDA:22,1,2,0
BRDA:22,1,3,0
BRDA:22,1,4,0
BRDA:24,2,0,0
BRDA:24,2,1,1
BRDA:26,3,0,2
BRDA:26,3,1,0
BRDA:28,4,0,0
BRDA:28,4,1,0
BRDA:42,5,0,1
BRDA:42,5,1,0
BRDA:47,6,0,0
BRDA:47,6,1,0
BRDA:53,7,0,1
BRDA:53,7,1,1
BRDA:71,8,0,0
BRDA:71,8,1,0
BRDA:74,9,0,0
BRDA:74,9,1,0
BRF:23
BRH:8
end_of_record
TN:
SF:src/utils/response.js
FN:1,response
FNF:1
FNH:1
FNDA:9,response
DA:2,9
DA:12,2
LF:2
LH:2
BRF:0
BRH:0
end_of_record
TN:
SF:src/utils/validators.js
FN:5,validateEquipment
FN:27,validateDeviation
FN:46,computeEquipmentStatus
FNF:3
FNH:3
FNDA:5,validateEquipment
FNDA:8,validateDeviation
FNDA:4,computeEquipmentStatus
DA:1,3
DA:2,3
DA:3,3
DA:6,5
DA:8,5
DA:9,2
DA:11,5
DA:12,1
DA:14,5
DA:15,1
DA:17,5
DA:18,2
DA:20,5
DA:21,0
DA:24,5
DA:28,8
DA:30,8
DA:31,1
DA:33,8
DA:34,2
DA:36,8
DA:37,1
DA:39,8
DA:40,0
DA:43,8
DA:47,4
DA:48,4
DA:50,4
DA:51,3
DA:54,2
DA:57,3
LF:31
LH:29
BRDA:8,0,0,2
BRDA:8,0,1,3
BRDA:8,1,0,5
BRDA:8,1,1,3
BRDA:8,1,2,3
BRDA:11,2,0,1
BRDA:11,2,1,4
BRDA:11,3,0,5
BRDA:11,3,1,4
BRDA:14,4,0,1
BRDA:14,4,1,4
BRDA:14,5,0,5
BRDA:14,5,1,4
BRDA:17,6,0,2
BRDA:17,6,1,3
BRDA:17,7,0,5
BRDA:17,7,1,4
BRDA:20,8,0,0
BRDA:20,8,1,5
BRDA:20,9,0,5
BRDA:20,9,1,0
BRDA:30,10,0,1
BRDA:30,10,1,7
BRDA:30,11,0,8
BRDA:30,11,1,7
BRDA:33,12,0,2
BRDA:33,12,1,6
BRDA:33,13,0,8
BRDA:33,13,1,6
BRDA:36,14,0,1
BRDA:36,14,1,7
BRDA:36,15,0,8
BRDA:36,15,1,7
BRDA:39,16,0,0
BRDA:39,16,1,8
BRDA:39,17,0,8
BRDA:39,17,1,6
BRDA:46,18,0,1
BRDA:50,19,0,1
BRDA:50,19,1,3
BRDA:51,20,0,1
BRDA:51,20,1,2
BRF:42
BRH:39
end_of_record
